<html>
<body>
<pre>
<h1>µVision Build Log</h1>
<h2>Tool Versions:</h2>
IDE-Version: µVision V5.17.0.0
Copyright (C) 2015 ARM Ltd and ARM Germany GmbH. All rights reserved.
License Information: Javier Cebrian, UAH, LIC=V852Z-JNV8D-22BL4-FI50B-EBBKT-Y8E3A
 
Tool Versions:
Toolchain:       MDK-ARM Professional  Version: 5.17
Toolchain Path:  C:\Keil_v5\ARM\ARMCC\Bin
C Compiler:      Armcc.exe V5.06 update 1 (build 61)
Assembler:       Armasm.exe V5.06 update 1 (build 61)
Linker/Locator:  ArmLink.exe V5.06 update 1 (build 61)
Library Manager: ArmAr.exe V5.06 update 1 (build 61)
Hex Converter:   FromElf.exe V5.06 update 1 (build 61)
CPU DLL:         SARMCM3.DLL V5.17
Dialog DLL:      DCM.DLL V1.13.4.0
Target DLL:      STLink\ST-LINKIII-KEIL_SWO.dll V2.0.18.0
Dialog DLL:      TCM.DLL V1.14.6.0
 
<h2>Project:</h2>
C:\Users\Jota16\Dropbox\Proyecto_actual\BMP280-SPI-STM32F2xx-UART\MDK-ARM\BMP280-SPI-STM32F2xx-UART.uvprojx
Project File Date:  05/15/2018

<h2>Output:</h2>
*** Using Compiler 'V5.06 update 1 (build 61)', folder: 'C:\Keil_v5\ARM\ARMCC\Bin'
Build target 'BMP280-SPI-STM32F2xx-UART'
compiling DriverBMP280_SPI_English.c...
..\Drivers\BMP280\Inc\DriverBMP280_SPI.h(25): warning:  #1295-D: Deprecated declaration ReadTransmission - give arg types
  void ReadTransmission();
..\Drivers\BMP280\Inc\DriverBMP280_SPI.h(26): warning:  #1295-D: Deprecated declaration WriteTransmission - give arg types
  void WriteTransmission();
..\Drivers\BMP280\Inc\DriverBMP280_SPI.h(32): warning:  #1-D: last line of file ends without a newline
  #endif
..\Drivers\BMP280\Src\DriverBMP280_SPI_English.c(17): error:  #20: identifier "htim2" is undefined
  	htim2.Init.Period = (CharInAux * 1000) + 1;
..\Drivers\BMP280\Src\DriverBMP280_SPI_English.c(18): warning:  #223-D: function "TIM_Base_SetConfig" declared implicitly
  	TIM_Base_SetConfig(TIM2, &htim2.Init);
..\Drivers\BMP280\Src\DriverBMP280_SPI_English.c(19): error:  #20: identifier "ANSWER" is undefined
  	HAL_UART_Transmit(&huart1, &ANSWER[1][0], sizeof(ANSWER[1]), 10);
..\Drivers\BMP280\Src\DriverBMP280_SPI_English.c(42): error:  #20: identifier "iR" is undefined
  		iR = iW = 0;
..\Drivers\BMP280\Src\DriverBMP280_SPI_English.c(42): error:  #20: identifier "iW" is undefined
  		iR = iW = 0;
..\Drivers\BMP280\Src\DriverBMP280_SPI_English.c(44): warning:  #940-D: missing return statement at end of non-void function "OptionLevelA"
  }
..\Drivers\BMP280\Src\DriverBMP280_SPI_English.c(61): warning:  #223-D: function "__HAL_TIM_DISABLE" declared implicitly
  		    __HAL_TIM_DISABLE(&htim2);
..\Drivers\BMP280\Src\DriverBMP280_SPI_English.c(61): error:  #20: identifier "htim2" is undefined
  		    __HAL_TIM_DISABLE(&htim2);
..\Drivers\BMP280\Src\DriverBMP280_SPI_English.c(65): warning:  #223-D: function "__HAL_TIM_ENABLE" declared implicitly
  				__HAL_TIM_ENABLE(&htim2);break;
..\Drivers\BMP280\Src\DriverBMP280_SPI_English.c(71): error:  #127: expected a statement
  		else if(CharInAux >= 0x31 || CharInAux <=0x32 || StaticCharIn1 == 1 || EntryNumber == 1){
..\Drivers\BMP280\Src\DriverBMP280_SPI_English.c(74): warning:  #12-D: parsing restarts here after previous syntax error
  }
..\Drivers\BMP280\Src\DriverBMP280_SPI_English.c(74): error: At end of source:  #67: expected a "}"
..\Drivers\BMP280\Src\DriverBMP280_SPI_English.c(6): warning:  #550-D: variable "StaticCharIn1" was set but never used
  static char StaticCharIn1, CharIn2, CharIn3, CharIn4;
..\Drivers\BMP280\Src\DriverBMP280_SPI_English.c(6): warning:  #177-D: variable "CharIn2" was declared but never referenced
  static char StaticCharIn1, CharIn2, CharIn3, CharIn4;
..\Drivers\BMP280\Src\DriverBMP280_SPI_English.c(6): warning:  #177-D: variable "CharIn3" was declared but never referenced
  static char StaticCharIn1, CharIn2, CharIn3, CharIn4;
..\Drivers\BMP280\Src\DriverBMP280_SPI_English.c(6): warning:  #177-D: variable "CharIn4" was declared but never referenced
  static char StaticCharIn1, CharIn2, CharIn3, CharIn4;
..\Drivers\BMP280\Src\DriverBMP280_SPI_English.c(7): warning:  #177-D: variable "FlagLevelB" was declared but never referenced
  static char EntryNumber, FlagLevelB;
..\Drivers\BMP280\Src\DriverBMP280_SPI_English.c: 13 warnings, 7 errors
compiling stm32f2xx_it.c...
..\Drivers\BMP280\Inc\DriverBMP280_SPI.h(25): warning:  #1295-D: Deprecated declaration ReadTransmission - give arg types
  void ReadTransmission();
..\Drivers\BMP280\Inc\DriverBMP280_SPI.h(26): warning:  #1295-D: Deprecated declaration WriteTransmission - give arg types
  void WriteTransmission();
..\Drivers\BMP280\Inc\DriverBMP280_SPI.h(32): warning:  #1-D: last line of file ends without a newline
  #endif
../Src/stm32f2xx_it.c: 3 warnings, 0 errors
"BMP280-SPI-STM32F2xx-UART\BMP280-SPI-STM32F2xx-UART.axf" - 7 Error(s), 16 Warning(s).

<h2>Software Packages used:</h2>

Package Vendor: ARM
                http://www.keil.com/pack/ARM.CMSIS.4.5.0.pack
                ARM::CMSIS:CORE:4.3.0
                CMSIS (Cortex Microcontroller Software Interface Standard)
   * Component: CORE Version: 4.3.0

<h2>Collection of Component include folders:</h2>
  C:\Users\Jota16\Dropbox\Proyecto_actual\BMP280-SPI-STM32F2xx-UART\MDK-ARM\RTE
  C:\Keil_v5\ARM\PACK\ARM\CMSIS\4.5.0\CMSIS\Include
  C:\Keil_v5\ARM\PACK\Keil\STM32F2xx_DFP\2.6.0\Drivers\CMSIS\Device\ST\STM32F2xx\Include

<h2>Collection of Component Files used:</h2>

   * Component: ARM::CMSIS:CORE:4.3.0
Target not created.
Build Time Elapsed:  00:00:08
</pre>
</body>
</html>
